<?xml version="1.0" encoding="UTF-8"?>
<testsuite xmlns:xsi="http://www.w3.org/2001/XMLSchema-instance" xsi:noNamespaceSchemaLocation="https://maven.apache.org/surefire/maven-surefire-plugin/xsd/surefire-test-report.xsd" name="kar.sot.test.NewsServiceTest" time="8.888" tests="14" errors="0" skipped="0" failures="0">
  <properties>
[...]
</properties>
  <testcase name="getArticlesWithInvalidTimePeriod" classname="kar.sot.test.NewsServiceTest" time="0.103"/>
  <testcase name="getArticlesWithValidTimePeriod" classname="kar.sot.test.NewsServiceTest" time="2.182"/>
  <testcase name="getArticlesWithSupportedLanguage" classname="kar.sot.test.NewsServiceTest" time="0.837"/>
  <testcase name="getArticlesWithSupportedCountry" classname="kar.sot.test.NewsServiceTest" time="0.772"/>
  <testcase name="getArticlesWithExistingTerm" classname="kar.sot.test.NewsServiceTest" time="0.552"/>
  <testcase name="getArticlesWithUnSupportedLanguage" classname="kar.sot.test.NewsServiceTest" time="0.002"/>
  <testcase name="getArticlesWithUnSupportedCountry" classname="kar.sot.test.NewsServiceTest" time="0.005"/>
  <testcase name="getArticlesWithExistingSource" classname="kar.sot.test.NewsServiceTest" time="0.313"/>
  <testcase name="getArticlesWithNotExistingTerm" classname="kar.sot.test.NewsServiceTest" time="0.623"/>
  <testcase name="getArticlesByCountries" classname="kar.sot.test.NewsServiceTest" time="1.035"/>
  <testcase name="getArticlesWithNotExistingSource" classname="kar.sot.test.NewsServiceTest" time="0.643"/>
  <testcase name="getArticlesWithSupportedCategory" classname="kar.sot.test.NewsServiceTest" time="1.295"/>
  <testcase name="getArticlesWithUnSupportedCategory" classname="kar.sot.test.NewsServiceTest" time="0.003"/>
  <testcase name="getArticlesWithNotExistingTitle" classname="kar.sot.test.NewsServiceTest" time="0.404"/>
</testsuite>